  Minesweeper_DS_MAT-2(SFML).cpp
D:\C++ & DS Projects and Practice\MAIN PROJECTS\Minesweeper_DS_MAT-2(SFML)\Minesweeper_DS_MAT-2(SFML)\Minesweeper_DS_MAT-2(SFML).cpp(9,15): warning C4244: 'argument': conversion from 'time_t' to 'unsigned int', possible loss of data
D:\C++ & DS Projects and Practice\MAIN PROJECTS\Minesweeper_DS_MAT-2(SFML)\Minesweeper_DS_MAT-2(SFML)\Minesweeper_DS_MAT-2(SFML).cpp(88,43): warning C4244: 'argument': conversion from 'int' to 'float', possible loss of data
D:\C++ & DS Projects and Practice\MAIN PROJECTS\Minesweeper_DS_MAT-2(SFML)\Minesweeper_DS_MAT-2(SFML)\Minesweeper_DS_MAT-2(SFML).cpp(88,32): warning C4244: 'argument': conversion from 'int' to 'float', possible loss of data
Minesweeper_DS_MAT-2(SFML).obj : error LNK2019: unresolved external symbol "__declspec(dllimport) public: __thiscall sf::String::String(char const *,class std::locale const &)" (__imp_??0String@sf@@QAE@PBDABVlocale@std@@@Z) referenced in function _main
Minesweeper_DS_MAT-2(SFML).obj : error LNK2019: unresolved external symbol "__declspec(dllimport) public: __thiscall sf::String::~String(void)" (__imp_??1String@sf@@QAE@XZ) referenced in function _main
Minesweeper_DS_MAT-2(SFML).obj : error LNK2019: unresolved external symbol "__declspec(dllimport) public: static class sf::Vector2<int> __cdecl sf::Mouse::getPosition(class sf::Window const &)" (__imp_?getPosition@Mouse@sf@@SA?AV?$Vector2@H@2@ABVWindow@2@@Z) referenced in function _main
Minesweeper_DS_MAT-2(SFML).obj : error LNK2019: unresolved external symbol "__declspec(dllimport) public: __thiscall sf::VideoMode::VideoMode(unsigned int,unsigned int,unsigned int)" (__imp_??0VideoMode@sf@@QAE@III@Z) referenced in function _main
Minesweeper_DS_MAT-2(SFML).obj : error LNK2019: unresolved external symbol "__declspec(dllimport) public: void __thiscall sf::Window::close(void)" (__imp_?close@Window@sf@@QAEXXZ) referenced in function _main
Minesweeper_DS_MAT-2(SFML).obj : error LNK2019: unresolved external symbol "__declspec(dllimport) public: bool __thiscall sf::Window::isOpen(void)const " (__imp_?isOpen@Window@sf@@QBE_NXZ) referenced in function _main
Minesweeper_DS_MAT-2(SFML).obj : error LNK2019: unresolved external symbol "__declspec(dllimport) public: bool __thiscall sf::Window::pollEvent(class sf::Event &)" (__imp_?pollEvent@Window@sf@@QAE_NAAVEvent@2@@Z) referenced in function _main
Minesweeper_DS_MAT-2(SFML).obj : error LNK2019: unresolved external symbol "__declspec(dllimport) public: void __thiscall sf::Window::display(void)" (__imp_?display@Window@sf@@QAEXXZ) referenced in function _main
Minesweeper_DS_MAT-2(SFML).obj : error LNK2019: unresolved external symbol "__declspec(dllimport) public: void __thiscall sf::Transformable::setPosition(float,float)" (__imp_?setPosition@Transformable@sf@@QAEXMM@Z) referenced in function _main
Minesweeper_DS_MAT-2(SFML).obj : error LNK2019: unresolved external symbol "__declspec(dllimport) public: __thiscall sf::Texture::Texture(void)" (__imp_??0Texture@sf@@QAE@XZ) referenced in function _main
Minesweeper_DS_MAT-2(SFML).obj : error LNK2019: unresolved external symbol "__declspec(dllimport) public: __thiscall sf::Texture::~Texture(void)" (__imp_??1Texture@sf@@QAE@XZ) referenced in function _main
Minesweeper_DS_MAT-2(SFML).obj : error LNK2019: unresolved external symbol "__declspec(dllimport) public: bool __thiscall sf::Texture::loadFromFile(class std::basic_string<char,struct std::char_traits<char>,class std::allocator<char> > const &,class sf::Rect<int> const &)" (__imp_?loadFromFile@Texture@sf@@QAE_NABV?$basic_string@DU?$char_traits@D@std@@V?$allocator@D@2@@std@@ABV?$Rect@H@2@@Z) referenced in function _main
Minesweeper_DS_MAT-2(SFML).obj : error LNK2019: unresolved external symbol "__declspec(dllimport) public: void __thiscall sf::RenderTarget::clear(class sf::Color const &)" (__imp_?clear@RenderTarget@sf@@QAEXABVColor@2@@Z) referenced in function _main
Minesweeper_DS_MAT-2(SFML).obj : error LNK2019: unresolved external symbol "__declspec(dllimport) public: void __thiscall sf::RenderTarget::draw(class sf::Drawable const &,class sf::RenderStates const &)" (__imp_?draw@RenderTarget@sf@@QAEXABVDrawable@2@ABVRenderStates@2@@Z) referenced in function _main
Minesweeper_DS_MAT-2(SFML).obj : error LNK2019: unresolved external symbol "__declspec(dllimport) public: __thiscall sf::RenderWindow::RenderWindow(class sf::VideoMode,class sf::String const &,unsigned int,struct sf::ContextSettings const &)" (__imp_??0RenderWindow@sf@@QAE@VVideoMode@1@ABVString@1@IABUContextSettings@1@@Z) referenced in function _main
Minesweeper_DS_MAT-2(SFML).obj : error LNK2019: unresolved external symbol "__declspec(dllimport) public: virtual __thiscall sf::RenderWindow::~RenderWindow(void)" (__imp_??1RenderWindow@sf@@UAE@XZ) referenced in function _main
Minesweeper_DS_MAT-2(SFML).obj : error LNK2019: unresolved external symbol "__declspec(dllimport) public: __thiscall sf::Sprite::Sprite(class sf::Texture const &)" (__imp_??0Sprite@sf@@QAE@ABVTexture@1@@Z) referenced in function _main
Minesweeper_DS_MAT-2(SFML).obj : error LNK2019: unresolved external symbol "__declspec(dllimport) public: void __thiscall sf::Sprite::setTextureRect(class sf::Rect<int> const &)" (__imp_?setTextureRect@Sprite@sf@@QAEXABV?$Rect@H@2@@Z) referenced in function _main
Minesweeper_DS_MAT-2(SFML).obj : error LNK2019: unresolved external symbol "__declspec(dllimport) public: virtual __thiscall sf::Sprite::~Sprite(void)" (__imp_??1Sprite@sf@@UAE@XZ) referenced in function _main
Minesweeper_DS_MAT-2(SFML).obj : error LNK2019: unresolved external symbol "__declspec(dllimport) public: static class sf::RenderStates const sf::RenderStates::Default" (__imp_?Default@RenderStates@sf@@2V12@B) referenced in function _main
Minesweeper_DS_MAT-2(SFML).obj : error LNK2019: unresolved external symbol "__declspec(dllimport) public: static class sf::Color const sf::Color::White" (__imp_?White@Color@sf@@2V12@B) referenced in function _main
D:\C++ & DS Projects and Practice\MAIN PROJECTS\Minesweeper_DS_MAT-2(SFML)\sfml\lib\sfml-system-d.lib : warning LNK4272: library machine type 'x64' conflicts with target machine type 'x86'
D:\C++ & DS Projects and Practice\MAIN PROJECTS\Minesweeper_DS_MAT-2(SFML)\sfml\lib\sfml-graphics-d.lib : warning LNK4272: library machine type 'x64' conflicts with target machine type 'x86'
D:\C++ & DS Projects and Practice\MAIN PROJECTS\Minesweeper_DS_MAT-2(SFML)\sfml\lib\sfml-audio-d.lib : warning LNK4272: library machine type 'x64' conflicts with target machine type 'x86'
D:\C++ & DS Projects and Practice\MAIN PROJECTS\Minesweeper_DS_MAT-2(SFML)\sfml\lib\sfml-network-d.lib : warning LNK4272: library machine type 'x64' conflicts with target machine type 'x86'
D:\C++ & DS Projects and Practice\MAIN PROJECTS\Minesweeper_DS_MAT-2(SFML)\sfml\lib\sfml-window-d.lib : warning LNK4272: library machine type 'x64' conflicts with target machine type 'x86'
D:\C++ & DS Projects and Practice\MAIN PROJECTS\Minesweeper_DS_MAT-2(SFML)\Debug\Minesweeper_DS_MAT-2(SFML).exe : fatal error LNK1120: 21 unresolved externals
